[00:11:04] [Server thread/INFO]: R3hsk issued server command: /time set day
[00:11:04] [Server thread/INFO]: [R3hsk: Set the time to 1000]
[00:11:22] [Server thread/INFO]: R3hsk issued server command: //set dark_oak_planks
[00:11:54] [Server thread/INFO]: R3hsk issued server command: //set dark_oak_planks
[00:12:28] [Server thread/INFO]: R3hsk issued server command: //set dark_oak_planks
[00:12:38] [Server thread/INFO]: R3hsk issued server command: //set dark_oak_planks
[00:12:50] [Server thread/INFO]: R3hsk issued server command: //set dark_oak_planks
[00:14:03] [Server thread/INFO]: R3hsk issued server command: //set dark_oak_planks
[00:17:41] [Server thread/INFO]: R3hsk issued server command: //set cobblestone
[00:17:51] [Server thread/INFO]: R3hsk issued server command: //set cobblestone
[00:20:46] [Server thread/INFO]: R3hsk issued server command: //set dark_oak_log
[00:21:02] [Server thread/INFO]: R3hsk issued server command: //set dark_oak_log
[00:21:15] [Server thread/INFO]: R3hsk issued server command: //set dark_oak_log
[00:31:44] [Server thread/INFO]: R3hsk issued server command: //set dark_oak_log
[00:32:03] [Server thread/INFO]: R3hsk issued server command: //set dark_oak_wood
[00:32:22] [Server thread/INFO]: R3hsk issued server command: //set dark_oak_wood
[00:32:48] [Server thread/INFO]: R3hsk issued server command: //set dark_oak_wood
[00:33:02] [Server thread/INFO]: R3hsk issued server command: //set dark_oak_wood
[00:38:54] [Server thread/INFO]: R3hsk issued server command: //copy
[00:39:04] [Server thread/INFO]: R3hsk issued server command: //paste
[00:39:24] [Server thread/INFO]: R3hsk issued server command: //center bedrock
[00:39:30] [Server thread/INFO]: R3hsk issued server command: //paste
[00:39:47] [Server thread/INFO]: R3hsk issued server command: //center bedrock
[00:40:50] [Server thread/INFO]: R3hsk issued server command: //copy
[00:40:57] [Server thread/INFO]: R3hsk issued server command: //paste
[00:41:05] [Server thread/INFO]: R3hsk issued server command: //paste
[00:41:22] [Server thread/INFO]: R3hsk issued server command: //paste
[00:41:28] [Server thread/INFO]: R3hsk issued server command: //paste
[00:42:19] [Server thread/INFO]: R3hsk issued server command: //copy
[00:42:25] [Server thread/INFO]: R3hsk issued server command: //paste
[00:42:37] [Server thread/INFO]: R3hsk issued server command: //paste
[00:44:00] [Server thread/INFO]: R3hsk issued server command: //copy
[00:44:08] [Server thread/INFO]: R3hsk issued server command: //paste
[00:44:16] [Server thread/INFO]: R3hsk issued server command: //center bedr
[00:44:21] [Server thread/INFO]: R3hsk issued server command: //center bedrock
